=== CLUSTER 0 ===
東邦大学[ 2.07993308 -0.93243303]
立教大学[ 1.98655837  0.49215335]
昭和大学[ 4.25055921  0.06742663]
順天堂大学[ 2.17125177 -0.4976865 ]
学習院大学[ 1.90483088  0.63197869]
星薬科大学[ 3.82587649 -0.01515865]
大阪薬科大学[ 2.63636065 -1.18210173]
東北薬科大学[ 3.94696523 -1.05103312]
神戸薬科大学[ 3.0244192  -1.10679215]
東京薬科大学[ 2.40714782 -0.08103126]
明治薬科大学[ 3.13626723  0.34495128]
京都薬科大学[ 3.60774855 -0.08485384]
国際基督教大学[ 2.03447765 -1.15940179]
=== CLUSTER 1 ===
三重大学[-1.26328662 -0.95599991]
福山大学[-0.79022626 -0.66088986]
弘前大学[-1.16780036 -1.0297254 ]
宮崎大学[-1.36217623 -0.67588054]
茨城大学[-1.21958391 -0.75147402]
岩手大学[-1.20224419 -0.86474839]
専修大学[-0.4585223  -0.33984448]
岐阜大学[-1.05814928 -0.69417102]
静岡大学[-1.51364129 -0.38790728]
函館大学[-1.34192257 -0.07222207]
愛媛大学[-1.12259996 -0.7350819 ]
山口大学[-1.1948143 -0.7424576]
徳山大学[-1.14012952 -0.27442068]
秋田大学[-1.19873471 -0.64416152]
大分大学[-1.0973831  -0.61813903]
福井大学[-1.3603425  -0.34647354]
滋賀大学[-1.28021536 -0.60405839]
香川大学[-1.01813122 -0.72162237]
徳島大学[-1.18126526 -0.3447105 ]
新潟大学[-1.05486909 -0.54526893]
岡山大学[-0.91765789 -0.71625971]
佐賀大学[-0.92390115 -0.67621243]
長野大学[-0.70622007 -0.74062927]
信州大学[-1.19456839 -0.3121226 ]
熊本大学[-0.80735006 -0.43079737]
山形大学[-1.04366667 -0.34767695]
山梨大学[-1.21061827 -0.02846645]
長崎大学[-0.9349018  -0.41281292]
広島大学[-1.08876507 -0.30579308]
金沢大学[-0.86034567 -0.3782845 ]
千葉大学[-0.6487448  -0.02402403]
筑波大学[-0.79821586 -0.28260952]
和歌山大学[-1.21025254 -0.69551584]
鹿児島大学[-1.13401833 -0.67545819]
宇都宮大学[-0.9339874  -0.60085612]
京都府立大学[-0.38175002 -1.93995913]
日本文理大学[-1.34949936  0.18243513]
東北学院大学[-0.69969218 -0.5583505 ]
下関市立大学[-1.09235446 -0.87335188]
富山県立大学[-1.81037081  0.30044723]
京都産業大学[-0.59405217 -0.32968444]
首都大学東京[-0.81577078 -0.17387611]
=== CLUSTER 2 ===
拓殖大学[ 0.43815793  1.08855617]
東海大学[ 0.64781541  1.00053719]
一橋大学[ 0.194701    2.15623534]
東京大学[ 0.74205924  3.76746592]
早稲田大学[ 1.58606557  1.40919785]
芝浦工業大学[ 0.33518672  1.60652536]
武蔵工業大学[ 0.77059925  1.57954363]
東京理科大学[ 1.12459493  2.04482175]
慶應義塾大学[ 1.73369063  1.26412967]
東京工業大学[ 0.26441357  3.83888068]
岐阜薬科大学[ 1.22121792  0.80335798]
=== CLUSTER 3 ===
城西大学[-0.16499296 -0.50168931]
明星大学[-0.20390418 -0.1978219 ]
創価大学[-0.06305626 -1.35835675]
愛知大学[ 0.05459114 -0.75666015]
近畿大学[ 0.13722695 -0.0207072 ]
福岡大学[ 0.06790146 -0.73104251]
名城大学[-0.29189977  0.03915764]
旭川大学[-0.14355481 -1.36368925]
駒澤大学[ 0.40353503  0.41799769]
南山大学[ 0.58771428 -1.24603009]
獨協大学[ 0.45974557 -0.59093159]
武蔵大学[ 0.89350391 -0.07511769]
甲南大学[-0.1482833  -0.74810334]
関西大学[ 0.48792019 -0.12497838]
成城大学[ 1.27681467 -0.41245041]
日本大学[ 0.12229475 -0.15713082]
法政大学[ 0.10027023 -0.31061364]
成蹊大学[ 0.92984291  0.17446255]
明治大学[ 0.36979312  0.00505191]
中央大学[ 0.1964964  -0.15466047]
上智大学[ 1.07065064 -0.85612279]
亜細亜大学[ 0.25019288 -0.02085951]
國學院大学[ 0.55220379  0.01621168]
神奈川大学[-0.24382886  0.23299295]
立命館大学[-0.21685145 -0.66263319]
同志社大学[ 0.10833547 -0.55262771]
神戸学院大学[-0.14358704 -0.89394719]
明治学院大学[ 1.22101285 -1.01106262]
西南学院大学[ 0.32544706 -1.45725749]
青山学院大学[ 1.4067984   0.08351878]
関西学院大学[ 0.59164071 -0.68287764]
大阪府立大学[-0.28079118  0.22039149]
横浜市立大学[ 0.7117446  -0.49557216]
中部工業大学[ 0.10184803  0.48508881]
神戸商科大学[-0.03744056 -0.0534151 ]
名古屋市立大学[ 0.14033145 -1.02822037]
東京外国語大学[ 0.73097398 -1.03929824]
北海道薬科大学[ 0.14030993  0.35803655]
奈良県立商科大学[ 0.03972399 -0.89477733]
=== CLUSTER 4 ===
埼玉大学[-0.60461183  0.41427488]
九州大学[-0.78886006  0.93181293]
神戸大学[-0.51698682  0.51431235]
大阪大学[ 0.01414808  1.31744649]
東北大学[-0.84538013  1.14380285]
京都大学[-0.67918043  1.70182148]
防衛大学校[-2.5724261   1.98694455]
北海道大学[-0.8200375  0.7407418]
名古屋大学[-0.34519893  1.19776892]
東京経済大学[-0.41292659  0.76411748]
大阪市立大学[-0.09501654  0.64223314]
東京電機大学[-0.10720532  1.80207697]
東京海洋大学[-0.19889835  1.17221929]
東京農工大学[-0.41432878  0.83441532]
横浜国立大学[-0.40434905  1.18260327]
神戸商船大学[-0.59624354  0.39771437]
電気通信大学[-0.98329209  2.44239652]
名古屋工業大学[-1.41056265  1.75061356]
豊橋技術科学大学[-1.64747391  1.47227529]
===
各次元の寄与率: [ 0.40646819  0.24849364]
累積寄与率: 0.654961831763
